<?xml version="1.0" encoding="UTF-8"?>
<!-- Generated by org.testng.reporters.JUnitXMLReporter -->
<testsuite hostname="LAPTOP-QI5V2B07" ignored="0" name="Free CRM APP Test" tests="6" failures="0" timestamp="18 Feb 2020 12:57:22 GMT" time="115.93" errors="0">
  <testcase name="loginPageTiltleTest" time="0.088" classname="com.crm.qa.testcases.LoginPageTest"/>
  <testcase name="verifyHomePageTitleTest" time="0.012" classname="com.crm.qa.testcases.HomePageTest"/>
  <testcase name="crmLogoTest" time="0.054" classname="com.crm.qa.testcases.LoginPageTest"/>
  <testcase name="verifyUserNameTest" time="0.197" classname="com.crm.qa.testcases.HomePageTest"/>
  <testcase name="LoginTest" time="9.352" classname="com.crm.qa.testcases.LoginPageTest"/>
  <testcase name="verifyContactsLinkTest" time="1.903" classname="com.crm.qa.testcases.HomePageTest"/>
</testsuite> <!-- Free CRM APP Test -->
